Using pre-set license
Built from '2022.3/staging' branch; Version is '2022.3.37f1 (340ba89e4c23) revision 3410856'; Using compiler version '192829333'; Build Type 'Release'
OS: 'Windows 11  (10.0.26100) 64bit CoreSingleLanguage' Language: 'en' Physical Memory: 16068 MB
BatchMode: 1, IsHumanControllingUs: 0, StartBugReporterOnCrash: 0, Is64bit: 1, IsPro: 1

COMMAND LINE ARGUMENTS:
C:\Unity\2022.3.37f1\Editor\Unity.exe
-adb2
-batchMode
-noUpm
-name
AssetImportWorker2
-projectPath
C:/HThuan/ASM_3D
-logFile
Logs/AssetImportWorker2.log
-srvPort
50837
Successfully changed project path to: C:/HThuan/ASM_3D
C:/HThuan/ASM_3D
[UnityMemory] Configuration Parameters - Can be set up in boot.config
    "memorysetup-bucket-allocator-granularity=16"
    "memorysetup-bucket-allocator-bucket-count=8"
    "memorysetup-bucket-allocator-block-size=33554432"
    "memorysetup-bucket-allocator-block-count=8"
    "memorysetup-main-allocator-block-size=16777216"
    "memorysetup-thread-allocator-block-size=16777216"
    "memorysetup-gfx-main-allocator-block-size=16777216"
    "memorysetup-gfx-thread-allocator-block-size=16777216"
    "memorysetup-cache-allocator-block-size=4194304"
    "memorysetup-typetree-allocator-block-size=2097152"
    "memorysetup-profiler-bucket-allocator-granularity=16"
    "memorysetup-profiler-bucket-allocator-bucket-count=8"
    "memorysetup-profiler-bucket-allocator-block-size=33554432"
    "memorysetup-profiler-bucket-allocator-block-count=8"
    "memorysetup-profiler-allocator-block-size=16777216"
    "memorysetup-profiler-editor-allocator-block-size=1048576"
    "memorysetup-temp-allocator-size-main=16777216"
    "memorysetup-job-temp-allocator-block-size=2097152"
    "memorysetup-job-temp-allocator-block-size-background=1048576"
    "memorysetup-job-temp-allocator-reduction-small-platforms=262144"
    "memorysetup-allocator-temp-initial-block-size-main=262144"
    "memorysetup-allocator-temp-initial-block-size-worker=262144"
    "memorysetup-temp-allocator-size-background-worker=32768"
    "memorysetup-temp-allocator-size-job-worker=262144"
    "memorysetup-temp-allocator-size-preload-manager=33554432"
    "memorysetup-temp-allocator-size-nav-mesh-worker=65536"
    "memorysetup-temp-allocator-size-audio-worker=65536"
    "memorysetup-temp-allocator-size-cloud-worker=32768"
    "memorysetup-temp-allocator-size-gi-baking-worker=262144"
    "memorysetup-temp-allocator-size-gfx=262144"
Player connection [4700] Host "[IP] 192.168.97.5 [Port] 0 [Flags] 2 [Guid] 3885997832 [EditorId] 3885997832 [Version] 1048832 [Id] WindowsEditor(7,Thuan) [Debug] 1 [PackageName] WindowsEditor [ProjectName] Editor" joined multi-casting on [225.0.0.222:54997]...

Player connection [4700] Host "[IP] 192.168.97.5 [Port] 0 [Flags] 2 [Guid] 3885997832 [EditorId] 3885997832 [Version] 1048832 [Id] WindowsEditor(7,Thuan) [Debug] 1 [PackageName] WindowsEditor [ProjectName] Editor" joined alternative multi-casting on [225.0.0.222:34997]...

[PhysX] Initialized MultithreadedTaskDispatcher with 16 workers.
Refreshing native plugins compatible for Editor in 264.71 ms, found 3 plugins.
Preloading 0 native plugins for Editor in 0.00 ms.
Initialize engine version: 2022.3.37f1 (340ba89e4c23)
[Subsystems] Discovering subsystems at path C:/Unity/2022.3.37f1/Editor/Data/Resources/UnitySubsystems
[Subsystems] Discovering subsystems at path C:/HThuan/ASM_3D/Assets
GfxDevice: creating device client; threaded=0; jobified=0
Direct3D:
    Version:  Direct3D 11.0 [level 11.1]
    Renderer: NVIDIA GeForce RTX 2050 (ID=0x25a9)
    Vendor:   NVIDIA
    VRAM:     3965 MB
    Driver:   32.0.15.6641
Initialize mono
Mono path[0] = 'C:/Unity/2022.3.37f1/Editor/Data/Managed'
Mono path[1] = 'C:/Unity/2022.3.37f1/Editor/Data/MonoBleedingEdge/lib/mono/unityjit-win32'
Mono config path = 'C:/Unity/2022.3.37f1/Editor/Data/MonoBleedingEdge/etc'
Using monoOptions --debugger-agent=transport=dt_socket,embedding=1,server=y,suspend=n,address=127.0.0.1:56760
Begin MonoManager ReloadAssembly
Registering precompiled unity dll's ...
Register platform support module: C:/Unity/2022.3.37f1/Editor/Data/PlaybackEngines/WindowsStandaloneSupport/UnityEditor.WindowsStandalone.Extensions.dll
Registered in 0.004836 seconds.
- Loaded All Assemblies, in  0.320 seconds
Native extension for WindowsStandalone target not found
Mono: successfully reloaded assembly
- Finished resetting the current domain, in  0.215 seconds
Domain Reload Profiling: 534ms
	BeginReloadAssembly (84ms)
		ExecutionOrderSort (0ms)
		DisableScriptedObjects (0ms)
		BackupInstance (0ms)
		ReleaseScriptingObjects (0ms)
		CreateAndSetChildDomain (1ms)
	RebuildCommonClasses (25ms)
	RebuildNativeTypeToScriptingClass (8ms)
	initialDomainReloadingComplete (43ms)
	LoadAllAssembliesAndSetupDomain (158ms)
		LoadAssemblies (82ms)
		RebuildTransferFunctionScriptingTraits (0ms)
		AnalyzeDomain (157ms)
			TypeCache.Refresh (156ms)
				TypeCache.ScanAssembly (145ms)
			ScanForSourceGeneratedMonoScriptInfo (0ms)
			ResolveRequiredComponents (0ms)
	FinalizeReload (216ms)
		ReleaseScriptCaches (0ms)
		RebuildScriptCaches (0ms)
		SetupLoadedEditorAssemblies (171ms)
			LogAssemblyErrors (0ms)
			InitializePlatformSupportModulesInManaged (7ms)
			SetLoadedEditorAssemblies (6ms)
			RefreshPlugins (0ms)
			BeforeProcessingInitializeOnLoad (2ms)
			ProcessInitializeOnLoadAttributes (108ms)
			ProcessInitializeOnLoadMethodAttributes (49ms)
			AfterProcessingInitializeOnLoad (0ms)
			EditorAssembliesLoaded (0ms)
		ExecutionOrderSort2 (0ms)
		AwakeInstancesAfterBackupRestoration (0ms)
========================================================================
Worker process is ready to serve import requests
Begin MonoManager ReloadAssembly
- Loaded All Assemblies, in  0.487 seconds
Refreshing native plugins compatible for Editor in 2.83 ms, found 3 plugins.
Native extension for WindowsStandalone target not found
Mono: successfully reloaded assembly
- Finished resetting the current domain, in  0.441 seconds
Domain Reload Profiling: 926ms
	BeginReloadAssembly (112ms)
		ExecutionOrderSort (0ms)
		DisableScriptedObjects (4ms)
		BackupInstance (0ms)
		ReleaseScriptingObjects (0ms)
		CreateAndSetChildDomain (15ms)
	RebuildCommonClasses (28ms)
	RebuildNativeTypeToScriptingClass (8ms)
	initialDomainReloadingComplete (34ms)
	LoadAllAssembliesAndSetupDomain (303ms)
		LoadAssemblies (223ms)
		RebuildTransferFunctionScriptingTraits (0ms)
		AnalyzeDomain (147ms)
			TypeCache.Refresh (129ms)
				TypeCache.ScanAssembly (114ms)
			ScanForSourceGeneratedMonoScriptInfo (12ms)
			ResolveRequiredComponents (4ms)
	FinalizeReload (441ms)
		ReleaseScriptCaches (0ms)
		RebuildScriptCaches (0ms)
		SetupLoadedEditorAssemblies (322ms)
			LogAssemblyErrors (0ms)
			InitializePlatformSupportModulesInManaged (4ms)
			SetLoadedEditorAssemblies (3ms)
			RefreshPlugins (0ms)
			BeforeProcessingInitializeOnLoad (45ms)
			ProcessInitializeOnLoadAttributes (248ms)
			ProcessInitializeOnLoadMethodAttributes (16ms)
			AfterProcessingInitializeOnLoad (6ms)
			EditorAssembliesLoaded (0ms)
		ExecutionOrderSort2 (0ms)
		AwakeInstancesAfterBackupRestoration (6ms)
Launched and connected shader compiler UnityShaderCompiler.exe after 0.03 seconds
Refreshing native plugins compatible for Editor in 3.00 ms, found 3 plugins.
Preloading 0 native plugins for Editor in 0.00 ms.
Unloading 3216 Unused Serialized files (Serialized files now loaded: 0)
Unloading 35 unused Assets / (130.0 KB). Loaded Objects now: 3698.
Memory consumption went from 135.1 MB to 135.0 MB.
Total: 2.660000 ms (FindLiveObjects: 0.211100 ms CreateObjectMapping: 0.077200 ms MarkObjects: 2.238700 ms  DeleteObjects: 0.132200 ms)

AssetImportParameters requested are different than current active one (requested -> active):
  custom:container-demuxer-ogg: 62fdf1f143b41e24485cea50d1cbac27 -> 
  custom:scripting/monoscript/fileName/VignetteModel.cs: ab6733272f937ac0155aab47b4a8e58e -> 
  custom:video-codec-MediaFoundation-h265: 746d11721c4dcdbdad8f713fa42b33f4 -> 
  custom:scripting/monoscript/fileName/EyeAdaptationModel.cs: 5bcc92c7d981d480ed07d6af7dd1a959 -> 
  custom:scripting/monoscript/fileName/PostProcessingModelEditorAttribute.cs: 84467b1ef2082fe26f00bdedc34db836 -> 
  custom:scripting/monoscript/fileName/ReflectionUtils.cs: 14b4c7d2cdf78d9b158d00fb2c3c24b2 -> 
  custom:video-decoder-ogg-theora: a1e56fd34408186e4bbccfd4996cb3dc -> 
  custom:scripting/monoscript/fileName/ExampleWheelController.cs: 9600d370c57ff0da5766666ba4365a29 -> 
  custom:scripting/monoscript/fileName/GetSetAttribute.cs: b786c1938e0c0f5ecaf463807c2d7653 -> 
  custom:scripting/monoscript/fileName/FxStyles.cs: 82e974921467cb55809ecad82f38f7ca -> 
  custom:framework-win-MediaFoundation: 216162199b28c13a410421893ffa2e32 -> 
  custom:scripting/monoscript/fileName/PostProcessingContext.cs: be8a0bc1565c6324b1fd40a33f66279b -> 
  custom:scripting/monoscript/fileName/PostProcessingInspector.cs: b617eaa0b6e3e752eaf9e9a89203dc82 -> 
  custom:scripting/monoscript/fileName/AntialiasingModelEditor.cs: 0f2b80733b1449af72ed38ee469e2a30 -> 
  custom:scripting/monoscript/fileName/EyeAdaptationComponent.cs: 0cb2aaf8cdc20c0baee2205168cbc73c -> 
  custom:scripting/monoscript/fileName/FxaaComponent.cs: 9d1fd3efb92e1fef6fd176ee45003f08 -> 
  custom:scripting/monoscript/fileName/DitheringModel.cs: fa99c50231ddc7ca26b5d6c9a68b4b31 -> 
  custom:CustomObjectIndexerAttribute: 9a22284fe3817be447336de3de66b15e -> 
  custom:scripting/monoscript/fileName/TrackballAttribute.cs: f1962deba67196a6cd6b7953be1caf36 -> 
  custom:scripting/monoscript/fileName/PostProcessingProfile.cs: e94a21971fab43a541218a4f91e0403c -> 
  custom:scripting/monoscript/fileName/BuiltinDebugViewsModel.cs: 4a09809f2c0ed6cca27229b06ce1d289 -> 
  custom:container-demuxer-webm: 4f35f7cbe854078d1ac9338744f61a02 -> 
  custom:scripting/monoscript/fileName/RenderTextureFactory.cs: b11bc916a1a88ed67d986ee69a536511 -> 
  custom:scripting/monoscript/fileName/FogModelEditor.cs: 64b75506b78e4411272a1d25aff5dcfd -> 
  custom:scripting/monoscript/fileName/ColliderChecker.cs: ab4735a6c890b39137bde0f81c531ae3 -> 
  custom:scripting/monoscript/fileName/EyeAdaptationModelEditor.cs: ee1343b3ceaceb2c63bf272baf871cbd -> 
  custom:scripting/monoscript/fileName/DefaultPostFxModelEditor.cs: e4be4b1d308934dee3a6a91920dc1b3d -> 
  custom:scripting/monoscript/fileName/PostProcessingFactory.cs: f4e35cbabcf5e0add8e963bb8ab175b2 -> 
  custom:scripting/monoscript/fileName/CharController_Motor.cs: 95ad6a9e9f41b77ac8821bbc7a22986e -> 
  custom:scripting/monoscript/fileName/DepthOfFieldModel.cs: ab243c09a4b44fd7a53f73051db01cbc -> 
  custom:scripting/monoscript/fileName/FPSDisplay.cs: 4de2b1268e0d108618b876b31a439b05 -> 
  custom:scripting/monoscript/fileName/ColorGradingModel.cs: d1c2ef15f5e9e4868052777d51361b40 -> 
  custom:scripting/monoscript/fileName/ScreenSpaceReflectionModel.cs: 507d9c80d381478e1c14f5bfe34012ae -> 
  custom:scripting/monoscript/fileName/TrackballGroupAttribute.cs: 6d071733b141a3fb3360b110560ed1cc -> 
  custom:scripting/monoscript/fileName/DitheringModelEditor.cs: 98ce08c54d480e2032b7e03104c8332a -> 
  custom:container-muxer-webm: aa71ff27fc2769a1b78a27578f13a17b -> 
  custom:video-decoder-webm-vp8: 9c59270c3fd7afecdb556c50c9e8de78 -> 
  custom:scripting/monoscript/fileName/BloomComponent.cs: 755f611bb4d32a54d162192a9fc6dd86 -> 
  custom:scripting/monoscript/fileName/MotionBlurComponent.cs: 6cf5a99eefa473d803af3e64f841a0a6 -> 
  custom:scripting/monoscript/fileName/WaterFloat.cs: 7ac8cb1106d215ea46d43dade9dd92c7 -> 
  custom:scripting/monoscript/fileName/BuiltinDebugViewsComponent.cs: 1b8215a7f6eae55c3fc6a97379498db3 -> 
  custom:scripting/monoscript/fileName/MotionBlurModelEditor.cs: 214d77ab75c222685eecaec8c6aed3b0 -> 
  custom:SearchIndexIgnoredProperties: e643bd26f0fe6173181afceb89e7c659 -> 
  custom:scripting/monoscript/fileName/ChromaticAberrationEditor.cs: 4b6bc01a6288a606d1a3fe94f621633b -> 
  custom:scripting/monoscript/fileName/AmbientOcclusionModel.cs: ac26bcd19cab8c88e9b65cb75ee1c356 -> 
  custom:AudioImporter_EditorPlatform: d09bf68614088b80899f8185d706f6e7 -> 
  custom:scripting/monoscript/fileName/DisableRenderer.cs: 9cd9383a8381a51854f8fab592706848 -> 
  custom:scripting/monoscript/fileName/AmbientOcclusionComponent.cs: ae5a7089fb97a5a97a8f11138ce7c9d2 -> 
  custom:scripting/monoscript/fileName/GraphicsUtils.cs: f7df21c2acb52bb931f99c0a424b6be0 -> 
  custom:scripting/monoscript/fileName/DepthOfFieldComponent.cs: b0afd8f8844e3e4017df6130c14d0dfc -> 
  custom:scripting/monoscript/fileName/ColorGradingModelEditor.cs: d8393f813d799206976f65da1ab781ef -> 
  custom:scripting/monoscript/fileName/ColorGradingCurve.cs: e1e989893ee31e7801923212f0468312 -> 
  custom:scripting/monoscript/fileName/AntialiasingModel.cs: 325b0130eaada61513aeac7b8c97a9d7 -> 
  custom:scripting/monoscript/fileName/ChromaticAberrationModel.cs: 3f166f1ecbc6f39ed2f6b10cbc5b4ba4 -> 
  custom:scripting/monoscript/fileName/AmbientOcclusionModelEditor.cs: 99a92cb6d65b3a11adad7b285256ee66 -> 
  custom:scripting/monoscript/fileName/TaaComponent.cs: 7c343e97072a6712c3a2b01e75fdb7fa -> 
  custom:scripting/monoscript/fileName/ParadeMonitor.cs: cae69c77ac3a6bd03788e390b0793dce -> 
  custom:scripting/monoscript/fileName/BloomModelEditor.cs: 82667d6cbb2e9deab73f43bddd4cb3ad -> 
  custom:scripting/monoscript/fileName/HistogramMonitor.cs: 89c185ea097a2554de07760bc4248c43 -> 
  custom:scripting/monoscript/fileName/PostProcessingBehaviourEditor.cs: 066ae7bf767a73228aa8d9e772743d81 -> 
  custom:scripting/monoscript/fileName/PostProcessingModel.cs: 2f64caba6afa59bc78865f13b6f9065d -> 
  custom:scripting/monoscript/fileName/EditorGUIHelper.cs: 4a11466b474c4ddf8b0e969391a97509 -> 
  custom:scripting/monoscript/fileName/DepthOfFieldModelEditor.cs: c9db63f1a070d3e8ad359080de3aa855 -> 
  custom:scripting/monoscript/fileName/ChromaticAberrationComponent.cs: cda95994b71ba23d0c0f0fe0f241aab9 -> 
  custom:scripting/monoscript/fileName/TrackballGroupDrawer.cs: 36f1db6df3ee9bb6e23950968f1fa293 -> 
  custom:scripting/monoscript/fileName/BuiltinDebugViewsEditor.cs: 315fb7cf21f3f53a30e4961d88029d42 -> 
  custom:scripting/monoscript/fileName/ScreenSpaceReflectionComponent.cs: 79ad7ef64576d014e73a91b6c3af0688 -> 
  custom:scripting/monoscript/fileName/GetSetDrawer.cs: 19bba8dcf0569bc9ff3f3eb8733c91d8 -> 
  custom:scripting/monoscript/fileName/MotionBlurModel.cs: 4e24ef1d444a45a9e0056ed75c7c7eb7 -> 
  custom:scripting/monoscript/fileName/PostProcessingComponent.cs: 85236d6b86a55b2f46a14367ab625049 -> 
  custom:video-encoder-webm-vp8: eb34c28f22e8b96e1ab97ce403110664 -> 
  custom:scripting/monoscript/fileName/PostProcessingModelEditor.cs: 5454250018fe1f45305c6e2bbb867603 -> 
  custom:scripting/monoscript/fileName/PostProcessingMonitor.cs: d1e07bd8dc8b5f2f5124f2514220156a -> 
  custom:audio-decoder-ogg-vorbis: bf7c407c2cedff20999df2af8eb42d56 -> 
  custom:scripting/monoscript/fileName/MaterialFactory.cs: 39b00f1518fc675c62e508eb4bdec486 -> 
  custom:scripting/monoscript/fileName/VectorscopeMonitor.cs: 208c293eec47ebea88bea24abfda77aa -> 
  custom:scripting/monoscript/fileName/ColorGradingComponent.cs: fc28099e3cee649b1f5925a07b57ea96 -> 
  custom:scripting/monoscript/fileName/UserLutModel.cs: ce559ad59b29fc066f37249281afd441 -> 
  custom:scripting/monoscript/fileName/EditorResources.cs: 9f83d1aedff2fa20e157243f0913ea0e -> 
  custom:scripting/monoscript/fileName/MinAttribute.cs: 941c73502025168e3301edfeaed1b25e -> 
  custom:scripting/monoscript/fileName/GrainComponent.cs: fae958f48caa0fab6bcf7f9c48b915e1 -> 
  custom:scripting/monoscript/fileName/UserLutModelEditor.cs: 342104b23101d3bfd45391c0769a34cf -> 
  custom:scripting/monoscript/fileName/FogComponent.cs: 2dfe6d4c859eabd11b82ff8fc7d7ad22 -> 
  custom:scripting/monoscript/fileName/ScreenSpaceReflectionModelEditor.cs: 7f4dd9c1675fb2cce031c62e047539ef -> 
  custom:scripting/monoscript/fileName/VignetteComponent.cs: 293deb083808f71d2d18d818ef588272 -> 
  custom:scripting/monoscript/fileName/FogModel.cs: c4cd4da1fb97c7abf787083602f52bf5 -> 
  custom:scripting/monoscript/fileName/WaveformMonitor.cs: fa17c20b734d78632b46f64cd9d4f8c6 -> 
  custom:scripting/monoscript/fileName/DitheringComponent.cs: 83d905897534466960141b85361bb6b4 -> 
  custom:audio-encoder-webm-vorbis: bf7c407c2cedff20999df2af8eb42d56 -> 
  custom:scripting/monoscript/fileName/VignetteModelEditor.cs: e544ec17c4d10dc7a011d82b890e61d2 -> 
  custom:scripting/monoscript/fileName/UserLutComponent.cs: 944143ce5f543a40c92ecea777f35ae4 -> 
  custom:scripting/monoscript/fileName/CurveEditor.cs: 6cba1958072d99c0ff92650cfaf3fa87 -> 
  custom:scripting/monoscript/fileName/PostProcessingBehaviour.cs: b0fbf7f67aeee9a6f7db03386dbc8c1e -> 
  custom:scripting/monoscript/fileName/GrainModelEditor.cs: fc1fd3126ff1a32e5c9c0211f235c203 -> 
  custom:scripting/monoscript/fileName/BloomModel.cs: b4ba3e478c2698eb99512ead9d78d360 -> 
  custom:scripting/monoscript/fileName/GrainModel.cs: ce4589c9bbcb55f8f632b6617dc5d1f0 -> 
========================================================================
Received Import Request.
  Time since last request: 5262.649087 seconds.
  path: Assets/MapMagic/Demo/Scenes
  artifactKey: Guid(67434d6b73a4f46448d401422e08d326) Importer(815301076,1909f56bfc062723c751e8b465ee728b)
Start importing Assets/MapMagic/Demo/Scenes using Guid(67434d6b73a4f46448d401422e08d326) Importer(815301076,1909f56bfc062723c751e8b465ee728b) [PhysX] Initialized MultithreadedTaskDispatcher with 16 workers.
 -> (artifact id: '2c9604ab6d3afffc371501e2db2931bb') in 0.003414 seconds
Number of updated asset objects reloaded before import = 0
Number of asset objects unloaded after import = 0
========================================================================
Received Import Request.
  Time since last request: 0.708614 seconds.
  path: Assets/MapMagic/Demo/Scenes/DemoScene.unity
  artifactKey: Guid(19f4ee3e0d36b824292051a24c4a010f) Importer(815301076,1909f56bfc062723c751e8b465ee728b)
Start importing Assets/MapMagic/Demo/Scenes/DemoScene.unity using Guid(19f4ee3e0d36b824292051a24c4a010f) Importer(815301076,1909f56bfc062723c751e8b465ee728b) [PhysX] Initialized MultithreadedTaskDispatcher with 16 workers.
 -> (artifact id: '3b1d7f507cc178cc2810e37fb56ed437') in 0.000767 seconds
Number of updated asset objects reloaded before import = 0
Number of asset objects unloaded after import = 0
========================================================================
Received Import Request.
  Time since last request: 2.564962 seconds.
  path: Assets/MapMagic/Demo/Scenes/IslandTutorial.unity
  artifactKey: Guid(cbcda785d7f547846b36404cb62c0c6a) Importer(815301076,1909f56bfc062723c751e8b465ee728b)
Start importing Assets/MapMagic/Demo/Scenes/IslandTutorial.unity using Guid(cbcda785d7f547846b36404cb62c0c6a) Importer(815301076,1909f56bfc062723c751e8b465ee728b) [PhysX] Initialized MultithreadedTaskDispatcher with 16 workers.
 -> (artifact id: '9fd5f1a44088212820ddfce81f4a42c7') in 0.000428 seconds
Number of updated asset objects reloaded before import = 0
Number of asset objects unloaded after import = 0
========================================================================
Received Prepare
Begin MonoManager ReloadAssembly
- Loaded All Assemblies, in  0.504 seconds
Refreshing native plugins compatible for Editor in 4.57 ms, found 3 plugins.
Native extension for WindowsStandalone target not found
Mono: successfully reloaded assembly
- Finished resetting the current domain, in  0.960 seconds
Domain Reload Profiling: 1460ms
	BeginReloadAssembly (166ms)
		ExecutionOrderSort (0ms)
		DisableScriptedObjects (6ms)
		BackupInstance (0ms)
		ReleaseScriptingObjects (0ms)
		CreateAndSetChildDomain (33ms)
	RebuildCommonClasses (46ms)
	RebuildNativeTypeToScriptingClass (10ms)
	initialDomainReloadingComplete (36ms)
	LoadAllAssembliesAndSetupDomain (242ms)
		LoadAssemblies (307ms)
		RebuildTransferFunctionScriptingTraits (0ms)
		AnalyzeDomain (30ms)
			TypeCache.Refresh (14ms)
				TypeCache.ScanAssembly (1ms)
			ScanForSourceGeneratedMonoScriptInfo (8ms)
			ResolveRequiredComponents (5ms)
	FinalizeReload (961ms)
		ReleaseScriptCaches (0ms)
		RebuildScriptCaches (0ms)
		SetupLoadedEditorAssemblies (353ms)
			LogAssemblyErrors (0ms)
			InitializePlatformSupportModulesInManaged (6ms)
			SetLoadedEditorAssemblies (4ms)
			RefreshPlugins (0ms)
			BeforeProcessingInitializeOnLoad (54ms)
			ProcessInitializeOnLoadAttributes (264ms)
			ProcessInitializeOnLoadMethodAttributes (18ms)
			AfterProcessingInitializeOnLoad (6ms)
			EditorAssembliesLoaded (0ms)
		ExecutionOrderSort2 (0ms)
		AwakeInstancesAfterBackupRestoration (7ms)
Refreshing native plugins compatible for Editor in 6.98 ms, found 3 plugins.
Preloading 0 native plugins for Editor in 0.00 ms.
Unloading 3155 Unused Serialized files (Serialized files now loaded: 0)
Unloading 68 unused Assets / (53.9 KB). Loaded Objects now: 3658.
Memory consumption went from 132.3 MB to 132.2 MB.
Total: 3.142700 ms (FindLiveObjects: 0.233400 ms CreateObjectMapping: 0.133100 ms MarkObjects: 2.542700 ms  DeleteObjects: 0.231700 ms)

Prepare: number of updated asset objects reloaded= 1
AssetImportParameters requested are different than current active one (requested -> active):
  custom:container-demuxer-ogg: 62fdf1f143b41e24485cea50d1cbac27 -> 
  custom:scripting/monoscript/fileName/VignetteModel.cs: ab6733272f937ac0155aab47b4a8e58e -> 
  custom:video-codec-MediaFoundation-h265: 746d11721c4dcdbdad8f713fa42b33f4 -> 
  custom:scripting/monoscript/fileName/EyeAdaptationModel.cs: 5bcc92c7d981d480ed07d6af7dd1a959 -> 
  custom:scripting/monoscript/fileName/PostProcessingModelEditorAttribute.cs: 84467b1ef2082fe26f00bdedc34db836 -> 
  custom:scripting/monoscript/fileName/ReflectionUtils.cs: 14b4c7d2cdf78d9b158d00fb2c3c24b2 -> 
  custom:video-decoder-ogg-theora: a1e56fd34408186e4bbccfd4996cb3dc -> 
  custom:scripting/monoscript/fileName/ExampleWheelController.cs: 9600d370c57ff0da5766666ba4365a29 -> 
  custom:scripting/monoscript/fileName/GetSetAttribute.cs: b786c1938e0c0f5ecaf463807c2d7653 -> 
  custom:scripting/monoscript/fileName/FxStyles.cs: 82e974921467cb55809ecad82f38f7ca -> 
  custom:framework-win-MediaFoundation: 216162199b28c13a410421893ffa2e32 -> 
  custom:scripting/monoscript/fileName/PostProcessingContext.cs: be8a0bc1565c6324b1fd40a33f66279b -> 
  custom:scripting/monoscript/fileName/PostProcessingInspector.cs: b617eaa0b6e3e752eaf9e9a89203dc82 -> 
  custom:scripting/monoscript/fileName/AntialiasingModelEditor.cs: 0f2b80733b1449af72ed38ee469e2a30 -> 
  custom:scripting/monoscript/fileName/EyeAdaptationComponent.cs: 0cb2aaf8cdc20c0baee2205168cbc73c -> 
  custom:scripting/monoscript/fileName/FxaaComponent.cs: 9d1fd3efb92e1fef6fd176ee45003f08 -> 
  custom:scripting/monoscript/fileName/DitheringModel.cs: fa99c50231ddc7ca26b5d6c9a68b4b31 -> 
  custom:CustomObjectIndexerAttribute: 9a22284fe3817be447336de3de66b15e -> 
  custom:scripting/monoscript/fileName/TrackballAttribute.cs: f1962deba67196a6cd6b7953be1caf36 -> 
  custom:scripting/monoscript/fileName/PostProcessingProfile.cs: e94a21971fab43a541218a4f91e0403c -> 
  custom:scripting/monoscript/fileName/BuiltinDebugViewsModel.cs: 4a09809f2c0ed6cca27229b06ce1d289 -> 
  custom:container-demuxer-webm: 4f35f7cbe854078d1ac9338744f61a02 -> 
  custom:scripting/monoscript/fileName/RenderTextureFactory.cs: b11bc916a1a88ed67d986ee69a536511 -> 
  custom:scripting/monoscript/fileName/FogModelEditor.cs: 64b75506b78e4411272a1d25aff5dcfd -> 
  custom:scripting/monoscript/fileName/ColliderChecker.cs: ab4735a6c890b39137bde0f81c531ae3 -> 
  custom:scripting/monoscript/fileName/EyeAdaptationModelEditor.cs: ee1343b3ceaceb2c63bf272baf871cbd -> 
  custom:scripting/monoscript/fileName/DefaultPostFxModelEditor.cs: e4be4b1d308934dee3a6a91920dc1b3d -> 
  custom:scripting/monoscript/fileName/PostProcessingFactory.cs: f4e35cbabcf5e0add8e963bb8ab175b2 -> 
  custom:scripting/monoscript/fileName/CharController_Motor.cs: 95ad6a9e9f41b77ac8821bbc7a22986e -> 
  custom:scripting/monoscript/fileName/DepthOfFieldModel.cs: ab243c09a4b44fd7a53f73051db01cbc -> 
  custom:scripting/monoscript/fileName/FPSDisplay.cs: 4de2b1268e0d108618b876b31a439b05 -> 
  custom:scripting/monoscript/fileName/ColorGradingModel.cs: d1c2ef15f5e9e4868052777d51361b40 -> 
  custom:scripting/monoscript/fileName/ScreenSpaceReflectionModel.cs: 507d9c80d381478e1c14f5bfe34012ae -> 
  custom:scripting/monoscript/fileName/TrackballGroupAttribute.cs: 6d071733b141a3fb3360b110560ed1cc -> 
  custom:scripting/monoscript/fileName/DitheringModelEditor.cs: 98ce08c54d480e2032b7e03104c8332a -> 
  custom:container-muxer-webm: aa71ff27fc2769a1b78a27578f13a17b -> 
  custom:video-decoder-webm-vp8: 9c59270c3fd7afecdb556c50c9e8de78 -> 
  custom:scripting/monoscript/fileName/BloomComponent.cs: 755f611bb4d32a54d162192a9fc6dd86 -> 
  custom:scripting/monoscript/fileName/MotionBlurComponent.cs: 6cf5a99eefa473d803af3e64f841a0a6 -> 
  custom:scripting/monoscript/fileName/WaterFloat.cs: 7ac8cb1106d215ea46d43dade9dd92c7 -> 
  custom:scripting/monoscript/fileName/BuiltinDebugViewsComponent.cs: 1b8215a7f6eae55c3fc6a97379498db3 -> 
  custom:scripting/monoscript/fileName/MotionBlurModelEditor.cs: 214d77ab75c222685eecaec8c6aed3b0 -> 
  custom:SearchIndexIgnoredProperties: e643bd26f0fe6173181afceb89e7c659 -> 
  custom:scripting/monoscript/fileName/ChromaticAberrationEditor.cs: 4b6bc01a6288a606d1a3fe94f621633b -> 
  custom:scripting/monoscript/fileName/AmbientOcclusionModel.cs: ac26bcd19cab8c88e9b65cb75ee1c356 -> 
  custom:AudioImporter_EditorPlatform: d09bf68614088b80899f8185d706f6e7 -> 
  custom:scripting/monoscript/fileName/DisableRenderer.cs: 9cd9383a8381a51854f8fab592706848 -> 
  custom:scripting/monoscript/fileName/AmbientOcclusionComponent.cs: ae5a7089fb97a5a97a8f11138ce7c9d2 -> 
  custom:scripting/monoscript/fileName/GraphicsUtils.cs: f7df21c2acb52bb931f99c0a424b6be0 -> 
  custom:scripting/monoscript/fileName/DepthOfFieldComponent.cs: b0afd8f8844e3e4017df6130c14d0dfc -> 
  custom:scripting/monoscript/fileName/ColorGradingModelEditor.cs: d8393f813d799206976f65da1ab781ef -> 
  custom:scripting/monoscript/fileName/ColorGradingCurve.cs: e1e989893ee31e7801923212f0468312 -> 
  custom:scripting/monoscript/fileName/AntialiasingModel.cs: 325b0130eaada61513aeac7b8c97a9d7 -> 
  custom:scripting/monoscript/fileName/ChromaticAberrationModel.cs: 3f166f1ecbc6f39ed2f6b10cbc5b4ba4 -> 
  custom:scripting/monoscript/fileName/AmbientOcclusionModelEditor.cs: 99a92cb6d65b3a11adad7b285256ee66 -> 
  custom:scripting/monoscript/fileName/TaaComponent.cs: 7c343e97072a6712c3a2b01e75fdb7fa -> 
  custom:scripting/monoscript/fileName/ParadeMonitor.cs: cae69c77ac3a6bd03788e390b0793dce -> 
  custom:scripting/monoscript/fileName/BloomModelEditor.cs: 82667d6cbb2e9deab73f43bddd4cb3ad -> 
  custom:scripting/monoscript/fileName/HistogramMonitor.cs: 89c185ea097a2554de07760bc4248c43 -> 
  custom:scripting/monoscript/fileName/PostProcessingBehaviourEditor.cs: 066ae7bf767a73228aa8d9e772743d81 -> 
  custom:scripting/monoscript/fileName/PostProcessingModel.cs: 2f64caba6afa59bc78865f13b6f9065d -> 
  custom:scripting/monoscript/fileName/EditorGUIHelper.cs: 4a11466b474c4ddf8b0e969391a97509 -> 
  custom:scripting/monoscript/fileName/DepthOfFieldModelEditor.cs: c9db63f1a070d3e8ad359080de3aa855 -> 
  custom:scripting/monoscript/fileName/ChromaticAberrationComponent.cs: cda95994b71ba23d0c0f0fe0f241aab9 -> 
  custom:scripting/monoscript/fileName/TrackballGroupDrawer.cs: 36f1db6df3ee9bb6e23950968f1fa293 -> 
  custom:scripting/monoscript/fileName/BuiltinDebugViewsEditor.cs: 315fb7cf21f3f53a30e4961d88029d42 -> 
  custom:scripting/monoscript/fileName/ScreenSpaceReflectionComponent.cs: 79ad7ef64576d014e73a91b6c3af0688 -> 
  custom:scripting/monoscript/fileName/GetSetDrawer.cs: 19bba8dcf0569bc9ff3f3eb8733c91d8 -> 
  custom:scripting/monoscript/fileName/MotionBlurModel.cs: 4e24ef1d444a45a9e0056ed75c7c7eb7 -> 
  custom:scripting/monoscript/fileName/PostProcessingComponent.cs: 85236d6b86a55b2f46a14367ab625049 -> 
  custom:video-encoder-webm-vp8: eb34c28f22e8b96e1ab97ce403110664 -> 
  custom:scripting/monoscript/fileName/PostProcessingModelEditor.cs: 5454250018fe1f45305c6e2bbb867603 -> 
  custom:scripting/monoscript/fileName/PostProcessingMonitor.cs: d1e07bd8dc8b5f2f5124f2514220156a -> 
  custom:audio-decoder-ogg-vorbis: bf7c407c2cedff20999df2af8eb42d56 -> 
  custom:scripting/monoscript/fileName/MaterialFactory.cs: 39b00f1518fc675c62e508eb4bdec486 -> 
  custom:scripting/monoscript/fileName/VectorscopeMonitor.cs: 208c293eec47ebea88bea24abfda77aa -> 
  custom:scripting/monoscript/fileName/ColorGradingComponent.cs: fc28099e3cee649b1f5925a07b57ea96 -> 
  custom:scripting/monoscript/fileName/UserLutModel.cs: ce559ad59b29fc066f37249281afd441 -> 
  custom:scripting/monoscript/fileName/EditorResources.cs: 9f83d1aedff2fa20e157243f0913ea0e -> 
  custom:scripting/monoscript/fileName/MinAttribute.cs: 941c73502025168e3301edfeaed1b25e -> 
  custom:scripting/monoscript/fileName/GrainComponent.cs: fae958f48caa0fab6bcf7f9c48b915e1 -> 
  custom:scripting/monoscript/fileName/UserLutModelEditor.cs: 342104b23101d3bfd45391c0769a34cf -> 
  custom:scripting/monoscript/fileName/FogComponent.cs: 2dfe6d4c859eabd11b82ff8fc7d7ad22 -> 
  custom:scripting/monoscript/fileName/ScreenSpaceReflectionModelEditor.cs: 7f4dd9c1675fb2cce031c62e047539ef -> 
  custom:scripting/monoscript/fileName/VignetteComponent.cs: 293deb083808f71d2d18d818ef588272 -> 
  custom:scripting/monoscript/fileName/FogModel.cs: c4cd4da1fb97c7abf787083602f52bf5 -> 
  custom:scripting/monoscript/fileName/WaveformMonitor.cs: fa17c20b734d78632b46f64cd9d4f8c6 -> 
  custom:scripting/monoscript/fileName/DitheringComponent.cs: 83d905897534466960141b85361bb6b4 -> 
  custom:audio-encoder-webm-vorbis: bf7c407c2cedff20999df2af8eb42d56 -> 
  custom:scripting/monoscript/fileName/VignetteModelEditor.cs: e544ec17c4d10dc7a011d82b890e61d2 -> 
  custom:scripting/monoscript/fileName/UserLutComponent.cs: 944143ce5f543a40c92ecea777f35ae4 -> 
  custom:scripting/monoscript/fileName/CurveEditor.cs: 6cba1958072d99c0ff92650cfaf3fa87 -> 
  custom:scripting/monoscript/fileName/PostProcessingBehaviour.cs: b0fbf7f67aeee9a6f7db03386dbc8c1e -> 
  custom:scripting/monoscript/fileName/GrainModelEditor.cs: fc1fd3126ff1a32e5c9c0211f235c203 -> 
  custom:scripting/monoscript/fileName/BloomModel.cs: b4ba3e478c2698eb99512ead9d78d360 -> 
  custom:scripting/monoscript/fileName/GrainModel.cs: ce4589c9bbcb55f8f632b6617dc5d1f0 -> 
========================================================================
Received Import Request.
  Time since last request: 37.651061 seconds.
  path: Assets/_TerrainAutoUpgrade/layer_Cliff_brightCliff_bright_n56c06548c332e3f3.terrainlayer
  artifactKey: Guid(ab0af533b873048409a3504c2b998b76) Importer(815301076,1909f56bfc062723c751e8b465ee728b)
Start importing Assets/_TerrainAutoUpgrade/layer_Cliff_brightCliff_bright_n56c06548c332e3f3.terrainlayer using Guid(ab0af533b873048409a3504c2b998b76) Importer(815301076,1909f56bfc062723c751e8b465ee728b) [PhysX] Initialized MultithreadedTaskDispatcher with 16 workers.
 -> (artifact id: '4063f62fc61460dc351c153338333c1e') in 0.057723 seconds
Number of updated asset objects reloaded before import = 0
Number of asset objects unloaded after import = 1
========================================================================
Received Import Request.
  Time since last request: 0.000025 seconds.
  path: Assets/_TerrainAutoUpgrade/layer_YellowGrassGreenGrass_n6f0035467d54d9c6.terrainlayer
  artifactKey: Guid(2cb91674152df694da4ab4f3a64a5426) Importer(815301076,1909f56bfc062723c751e8b465ee728b)
Start importing Assets/_TerrainAutoUpgrade/layer_YellowGrassGreenGrass_n6f0035467d54d9c6.terrainlayer using Guid(2cb91674152df694da4ab4f3a64a5426) Importer(815301076,1909f56bfc062723c751e8b465ee728b) [PhysX] Initialized MultithreadedTaskDispatcher with 16 workers.
 -> (artifact id: '0baaf260eee1edae35a03b5287dfcf6a') in 0.001778 seconds
Number of updated asset objects reloaded before import = 0
Number of asset objects unloaded after import = 1
========================================================================
Received Import Request.
  Time since last request: 0.000026 seconds.
  path: Assets/_TerrainAutoUpgrade/layer_GravelGravel_n3d3aba195e4d26ee.terrainlayer
  artifactKey: Guid(4e3af4c2900baca429aec6e35790a861) Importer(815301076,1909f56bfc062723c751e8b465ee728b)
Start importing Assets/_TerrainAutoUpgrade/layer_GravelGravel_n3d3aba195e4d26ee.terrainlayer using Guid(4e3af4c2900baca429aec6e35790a861) Importer(815301076,1909f56bfc062723c751e8b465ee728b) [PhysX] Initialized MultithreadedTaskDispatcher with 16 workers.
 -> (artifact id: '2827454603ac7073b1ed6d4585ae9258') in 0.001842 seconds
Number of updated asset objects reloaded before import = 0
Number of asset objects unloaded after import = 1
========================================================================
Received Import Request.
  Time since last request: 0.865635 seconds.
  path: Assets/Animations/Rio@Shooting Arrow.fbx
  artifactKey: Guid(7434abbbedc586443a48badb5fec5777) Importer(815301076,1909f56bfc062723c751e8b465ee728b)
Start importing Assets/Animations/Rio@Shooting Arrow.fbx using Guid(7434abbbedc586443a48badb5fec5777) Importer(815301076,1909f56bfc062723c751e8b465ee728b) [PhysX] Initialized MultithreadedTaskDispatcher with 16 workers.
[PhysX] Initialized MultithreadedTaskDispatcher with 16 workers.
[PhysX] Initialized MultithreadedTaskDispatcher with 16 workers.
[PhysX] Initialized MultithreadedTaskDispatcher with 16 workers.
[PhysX] Initialized MultithreadedTaskDispatcher with 16 workers.
 -> (artifact id: 'dfa744a3445f04777d7a5c05bb6982a7') in 0.140656 seconds
Number of updated asset objects reloaded before import = 0
Number of asset objects unloaded after import = 132
========================================================================
Received Import Request.
  Time since last request: 315.445841 seconds.
  path: Assets/Pandazole_Ultimate_Pack/Pandazole Survival Crafting Pack/Scenes/Demo.unity
  artifactKey: Guid(e7c2f3b787a405f4a86a057082329bef) Importer(815301076,1909f56bfc062723c751e8b465ee728b)
Start importing Assets/Pandazole_Ultimate_Pack/Pandazole Survival Crafting Pack/Scenes/Demo.unity using Guid(e7c2f3b787a405f4a86a057082329bef) Importer(815301076,1909f56bfc062723c751e8b465ee728b) [PhysX] Initialized MultithreadedTaskDispatcher with 16 workers.
 -> (artifact id: 'bbd6e6837ba98510aa541ac7303c9a7c') in 0.001215 seconds
Number of updated asset objects reloaded before import = 0
Number of asset objects unloaded after import = 0
========================================================================
Received Import Request.
  Time since last request: 17.962886 seconds.
  path: Assets/Low Poly Survival Kit/Scenes/Scene 2/Scene 2.unity
  artifactKey: Guid(f91f80b7c687b6d4c8ab80f1698dde7f) Importer(815301076,1909f56bfc062723c751e8b465ee728b)
Start importing Assets/Low Poly Survival Kit/Scenes/Scene 2/Scene 2.unity using Guid(f91f80b7c687b6d4c8ab80f1698dde7f) Importer(815301076,1909f56bfc062723c751e8b465ee728b) [PhysX] Initialized MultithreadedTaskDispatcher with 16 workers.
 -> (artifact id: 'a7672b4b023bc62687863c8bb635e648') in 0.000549 seconds
Number of updated asset objects reloaded before import = 0
Number of asset objects unloaded after import = 0
========================================================================
Received Import Request.
  Time since last request: 9.804124 seconds.
  path: Assets/Low Poly Survival Kit/Scenes/Scene 2/Scene 2 Baked Lighting
  artifactKey: Guid(9670ad915954b374697f719edd0ae2b4) Importer(815301076,1909f56bfc062723c751e8b465ee728b)
Start importing Assets/Low Poly Survival Kit/Scenes/Scene 2/Scene 2 Baked Lighting using Guid(9670ad915954b374697f719edd0ae2b4) Importer(815301076,1909f56bfc062723c751e8b465ee728b) [PhysX] Initialized MultithreadedTaskDispatcher with 16 workers.
 -> (artifact id: '86c1420b176059a6250070665e517e02') in 0.000500 seconds
Number of updated asset objects reloaded before import = 0
Number of asset objects unloaded after import = 0
========================================================================
Received Import Request.
  Time since last request: 0.070075 seconds.
  path: Assets/Low Poly Survival Kit/Scenes/Scene 2/Scene 2 Baked Lighting/LightingData.asset
  artifactKey: Guid(2c41fb5e109a5d34a98089e10cca8846) Importer(815301076,1909f56bfc062723c751e8b465ee728b)
Start importing Assets/Low Poly Survival Kit/Scenes/Scene 2/Scene 2 Baked Lighting/LightingData.asset using Guid(2c41fb5e109a5d34a98089e10cca8846) Importer(815301076,1909f56bfc062723c751e8b465ee728b) [PhysX] Initialized MultithreadedTaskDispatcher with 16 workers.
 -> (artifact id: '5114ea18b77acfdbc330806964cdcf68') in 0.001872 seconds
Number of updated asset objects reloaded before import = 0
Number of asset objects unloaded after import = 2
========================================================================
Received Import Request.
  Time since last request: 0.003351 seconds.
  path: Assets/Low Poly Survival Kit/Scenes/Scene 2/Scene 2 Baked Lighting/ReflectionProbe-0.exr
  artifactKey: Guid(b7d5922fe068a424580083ea0741e8ed) Importer(815301076,1909f56bfc062723c751e8b465ee728b)
Start importing Assets/Low Poly Survival Kit/Scenes/Scene 2/Scene 2 Baked Lighting/ReflectionProbe-0.exr using Guid(b7d5922fe068a424580083ea0741e8ed) Importer(815301076,1909f56bfc062723c751e8b465ee728b) [PhysX] Initialized MultithreadedTaskDispatcher with 16 workers.
[PhysX] Initialized MultithreadedTaskDispatcher with 16 workers.
[PhysX] Initialized MultithreadedTaskDispatcher with 16 workers.
 -> (artifact id: '4cda279fe065f3c52dd2f768aa65b57f') in 0.087618 seconds
Number of updated asset objects reloaded before import = 0
Number of asset objects unloaded after import = 1
========================================================================
Received Import Request.
  Time since last request: 3.054857 seconds.
  path: Assets/Low Poly Survival Kit/Textures/Color Pallet.png
  artifactKey: Guid(cdef716609c550249b51023489600c50) Importer(815301076,1909f56bfc062723c751e8b465ee728b)
Start importing Assets/Low Poly Survival Kit/Textures/Color Pallet.png using Guid(cdef716609c550249b51023489600c50) Importer(815301076,1909f56bfc062723c751e8b465ee728b) [PhysX] Initialized MultithreadedTaskDispatcher with 16 workers.
[PhysX] Initialized MultithreadedTaskDispatcher with 16 workers.
 -> (artifact id: '0b22a315083dccdb1843221adf61ed1a') in 0.027564 seconds
Number of updated asset objects reloaded before import = 0
Number of asset objects unloaded after import = 2
========================================================================
Received Import Request.
  Time since last request: 0.000035 seconds.
  path: Assets/Low Poly Survival Kit/Textures/Low Grass.png
  artifactKey: Guid(563723a25bcd2e1499fe8e5f3d6b0c4b) Importer(815301076,1909f56bfc062723c751e8b465ee728b)
Start importing Assets/Low Poly Survival Kit/Textures/Low Grass.png using Guid(563723a25bcd2e1499fe8e5f3d6b0c4b) Importer(815301076,1909f56bfc062723c751e8b465ee728b) [PhysX] Initialized MultithreadedTaskDispatcher with 16 workers.
[PhysX] Initialized MultithreadedTaskDispatcher with 16 workers.
 -> (artifact id: 'c3624a3d2eca2335564283888a452942') in 0.025165 seconds
Number of updated asset objects reloaded before import = 0
Number of asset objects unloaded after import = 2
========================================================================
Received Import Request.
  Time since last request: 0.000277 seconds.
  path: Assets/Low Poly Survival Kit/Textures/Reed Grass.png
  artifactKey: Guid(b59e97a14eff16742832edb00b47bce7) Importer(815301076,1909f56bfc062723c751e8b465ee728b)
Start importing Assets/Low Poly Survival Kit/Textures/Reed Grass.png using Guid(b59e97a14eff16742832edb00b47bce7) Importer(815301076,1909f56bfc062723c751e8b465ee728b) [PhysX] Initialized MultithreadedTaskDispatcher with 16 workers.
[PhysX] Initialized MultithreadedTaskDispatcher with 16 workers.
 -> (artifact id: 'b6f64f341f9aaf1fbe48dd6b3766046a') in 0.026132 seconds
Number of updated asset objects reloaded before import = 0
Number of asset objects unloaded after import = 2
========================================================================
Received Import Request.
  Time since last request: 0.000033 seconds.
  path: Assets/Low Poly Survival Kit/Textures/Fir Tree Branch.png
  artifactKey: Guid(79d5d97b2e87c6e4aa73817ca4c887c6) Importer(815301076,1909f56bfc062723c751e8b465ee728b)
Start importing Assets/Low Poly Survival Kit/Textures/Fir Tree Branch.png using Guid(79d5d97b2e87c6e4aa73817ca4c887c6) Importer(815301076,1909f56bfc062723c751e8b465ee728b) [PhysX] Initialized MultithreadedTaskDispatcher with 16 workers.
[PhysX] Initialized MultithreadedTaskDispatcher with 16 workers.
 -> (artifact id: '6ee4313f535a405ca9183483b495e0e0') in 0.038876 seconds
Number of updated asset objects reloaded before import = 0
Number of asset objects unloaded after import = 2
========================================================================
Received Import Request.
  Time since last request: 0.000053 seconds.
  path: Assets/Low Poly Survival Kit/Textures/Flower Leaf.png
  artifactKey: Guid(4e2994e38fa6cc94ea629bd525c210a9) Importer(815301076,1909f56bfc062723c751e8b465ee728b)
Start importing Assets/Low Poly Survival Kit/Textures/Flower Leaf.png using Guid(4e2994e38fa6cc94ea629bd525c210a9) Importer(815301076,1909f56bfc062723c751e8b465ee728b) [PhysX] Initialized MultithreadedTaskDispatcher with 16 workers.
[PhysX] Initialized MultithreadedTaskDispatcher with 16 workers.
 -> (artifact id: 'dab6290618c3a30cb76cc80af47aa966') in 0.022211 seconds
Number of updated asset objects reloaded before import = 0
Number of asset objects unloaded after import = 2
========================================================================
Received Import Request.
  Time since last request: 0.000025 seconds.
  path: Assets/Low Poly Survival Kit/Textures/High Grass.png
  artifactKey: Guid(b129be3732bd90943958f811d90b91bc) Importer(815301076,1909f56bfc062723c751e8b465ee728b)
Start importing Assets/Low Poly Survival Kit/Textures/High Grass.png using Guid(b129be3732bd90943958f811d90b91bc) Importer(815301076,1909f56bfc062723c751e8b465ee728b) [PhysX] Initialized MultithreadedTaskDispatcher with 16 workers.
[PhysX] Initialized MultithreadedTaskDispatcher with 16 workers.
 -> (artifact id: '45c82b7e0af7877e099cc80ad2205081') in 0.033225 seconds
Number of updated asset objects reloaded before import = 0
Number of asset objects unloaded after import = 2
========================================================================
Received Import Request.
  Time since last request: 0.000030 seconds.
  path: Assets/Low Poly Survival Kit/Textures/Milk.png
  artifactKey: Guid(f92d2f5fbd3bf1047a87e769bf67b63d) Importer(815301076,1909f56bfc062723c751e8b465ee728b)
Start importing Assets/Low Poly Survival Kit/Textures/Milk.png using Guid(f92d2f5fbd3bf1047a87e769bf67b63d) Importer(815301076,1909f56bfc062723c751e8b465ee728b) [PhysX] Initialized MultithreadedTaskDispatcher with 16 workers.
[PhysX] Initialized MultithreadedTaskDispatcher with 16 workers.
 -> (artifact id: 'cead12d6930f28c4ef177a0570469206') in 0.029127 seconds
Number of updated asset objects reloaded before import = 0
Number of asset objects unloaded after import = 2
========================================================================
Received Import Request.
  Time since last request: 1.624721 seconds.
  path: Assets/Low Poly Survival Kit/Terrain Textures/Dirt.png
  artifactKey: Guid(6c2f534e68e1e534680381312ae85e9b) Importer(815301076,1909f56bfc062723c751e8b465ee728b)
Start importing Assets/Low Poly Survival Kit/Terrain Textures/Dirt.png using Guid(6c2f534e68e1e534680381312ae85e9b) Importer(815301076,1909f56bfc062723c751e8b465ee728b) [PhysX] Initialized MultithreadedTaskDispatcher with 16 workers.
[PhysX] Initialized MultithreadedTaskDispatcher with 16 workers.
 -> (artifact id: 'e62a3c791775d7ce3411b4cdd968006d') in 0.020385 seconds
Number of updated asset objects reloaded before import = 0
Number of asset objects unloaded after import = 2
========================================================================
Received Import Request.
  Time since last request: 0.000026 seconds.
  path: Assets/Low Poly Survival Kit/Terrain Textures/Rock.png
  artifactKey: Guid(30982beae91f2e64383ac612657c3680) Importer(815301076,1909f56bfc062723c751e8b465ee728b)
Start importing Assets/Low Poly Survival Kit/Terrain Textures/Rock.png using Guid(30982beae91f2e64383ac612657c3680) Importer(815301076,1909f56bfc062723c751e8b465ee728b) [PhysX] Initialized MultithreadedTaskDispatcher with 16 workers.
[PhysX] Initialized MultithreadedTaskDispatcher with 16 workers.
 -> (artifact id: '6444111cb29878723ea2a96fe4f36be0') in 0.021502 seconds
Number of updated asset objects reloaded before import = 0
Number of asset objects unloaded after import = 2
========================================================================
Received Import Request.
  Time since last request: 0.671597 seconds.
  path: Assets/Low Poly Survival Kit/Terrain Data/Dit.terrainlayer
  artifactKey: Guid(c52274e4b86a05544bf05716df0a4817) Importer(815301076,1909f56bfc062723c751e8b465ee728b)
Start importing Assets/Low Poly Survival Kit/Terrain Data/Dit.terrainlayer using Guid(c52274e4b86a05544bf05716df0a4817) Importer(815301076,1909f56bfc062723c751e8b465ee728b) [PhysX] Initialized MultithreadedTaskDispatcher with 16 workers.
 -> (artifact id: '48fc493de54fa5757996f0151567e56b') in 0.021755 seconds
Number of updated asset objects reloaded before import = 0
Number of asset objects unloaded after import = 2
========================================================================
Received Import Request.
  Time since last request: 0.000060 seconds.
  path: Assets/Low Poly Survival Kit/Terrain Data/Terrain Data.asset
  artifactKey: Guid(9f700ae50eb7c7a47ba43cc4c9e0e482) Importer(815301076,1909f56bfc062723c751e8b465ee728b)
Start importing Assets/Low Poly Survival Kit/Terrain Data/Terrain Data.asset using Guid(9f700ae50eb7c7a47ba43cc4c9e0e482) Importer(815301076,1909f56bfc062723c751e8b465ee728b) [PhysX] Initialized MultithreadedTaskDispatcher with 16 workers.
[PhysX] Initialized MultithreadedTaskDispatcher with 16 workers.
 -> (artifact id: '1ab431281d55da97284f56cd2c25f9cb') in 0.156280 seconds
Number of updated asset objects reloaded before import = 0
Number of asset objects unloaded after import = 3
========================================================================
Received Import Request.
  Time since last request: 6.553738 seconds.
  path: Assets/Low Poly Survival Kit/Materials/Color Pallet_Transparent.mat
  artifactKey: Guid(74cd14474c3f5a84cb592ec8b4f2ced0) Importer(815301076,1909f56bfc062723c751e8b465ee728b)
Start importing Assets/Low Poly Survival Kit/Materials/Color Pallet_Transparent.mat using Guid(74cd14474c3f5a84cb592ec8b4f2ced0) Importer(815301076,1909f56bfc062723c751e8b465ee728b) [PhysX] Initialized MultithreadedTaskDispatcher with 16 workers.
[PhysX] Initialized MultithreadedTaskDispatcher with 16 workers.
 -> (artifact id: '69fbc89ef33785be189b12a64077c565') in 0.072003 seconds
Number of updated asset objects reloaded before import = 0
Number of asset objects unloaded after import = 2
========================================================================
Received Import Request.
  Time since last request: 0.000143 seconds.
  path: Assets/Low Poly Survival Kit/Materials/Type 2 Flower.mat
  artifactKey: Guid(9377959eaecdf1b40873a119af31b079) Importer(815301076,1909f56bfc062723c751e8b465ee728b)
Start importing Assets/Low Poly Survival Kit/Materials/Type 2 Flower.mat using Guid(9377959eaecdf1b40873a119af31b079) Importer(815301076,1909f56bfc062723c751e8b465ee728b) [PhysX] Initialized MultithreadedTaskDispatcher with 16 workers.
[PhysX] Initialized MultithreadedTaskDispatcher with 16 workers.
 -> (artifact id: '5c44f7614664c5666527049babf32f99') in 0.043412 seconds
Number of updated asset objects reloaded before import = 0
Number of asset objects unloaded after import = 2
========================================================================
Received Import Request.
  Time since last request: 0.000029 seconds.
  path: Assets/Low Poly Survival Kit/Materials/Explosive Barrel.mat
  artifactKey: Guid(15c0113d29c090640b70ecbcc5054b0d) Importer(815301076,1909f56bfc062723c751e8b465ee728b)
Start importing Assets/Low Poly Survival Kit/Materials/Explosive Barrel.mat using Guid(15c0113d29c090640b70ecbcc5054b0d) Importer(815301076,1909f56bfc062723c751e8b465ee728b) [PhysX] Initialized MultithreadedTaskDispatcher with 16 workers.
[PhysX] Initialized MultithreadedTaskDispatcher with 16 workers.
 -> (artifact id: '10724e580dd6038a21928c9ffb2df13c') in 0.022461 seconds
Number of updated asset objects reloaded before import = 0
Number of asset objects unloaded after import = 2
========================================================================
Received Import Request.
  Time since last request: 0.000034 seconds.
  path: Assets/Low Poly Survival Kit/Materials/Meat.mat
  artifactKey: Guid(d1116d347580166479e47039a09b37b9) Importer(815301076,1909f56bfc062723c751e8b465ee728b)
Start importing Assets/Low Poly Survival Kit/Materials/Meat.mat using Guid(d1116d347580166479e47039a09b37b9) Importer(815301076,1909f56bfc062723c751e8b465ee728b) [PhysX] Initialized MultithreadedTaskDispatcher with 16 workers.
[PhysX] Initialized MultithreadedTaskDispatcher with 16 workers.
 -> (artifact id: 'd831e5339fcda95bc2794e2bd8865f11') in 0.026783 seconds
Number of updated asset objects reloaded before import = 0
Number of asset objects unloaded after import = 2
========================================================================
Received Import Request.
  Time since last request: 0.000032 seconds.
  path: Assets/Low Poly Survival Kit/Materials/High Grass.mat
  artifactKey: Guid(2953f0ed92e6aab4ca683756eee39014) Importer(815301076,1909f56bfc062723c751e8b465ee728b)
Start importing Assets/Low Poly Survival Kit/Materials/High Grass.mat using Guid(2953f0ed92e6aab4ca683756eee39014) Importer(815301076,1909f56bfc062723c751e8b465ee728b) [PhysX] Initialized MultithreadedTaskDispatcher with 16 workers.
[PhysX] Initialized MultithreadedTaskDispatcher with 16 workers.
 -> (artifact id: '7cb556c46395b9ee129e3abb6dfc0fc2') in 0.023602 seconds
Number of updated asset objects reloaded before import = 0
Number of asset objects unloaded after import = 2
========================================================================
Received Import Request.
  Time since last request: 0.000038 seconds.
  path: Assets/Low Poly Survival Kit/Materials/Plant Leaf.mat
  artifactKey: Guid(a034a9c2ad244b8428fc8be77536aa60) Importer(815301076,1909f56bfc062723c751e8b465ee728b)
Start importing Assets/Low Poly Survival Kit/Materials/Plant Leaf.mat using Guid(a034a9c2ad244b8428fc8be77536aa60) Importer(815301076,1909f56bfc062723c751e8b465ee728b) [PhysX] Initialized MultithreadedTaskDispatcher with 16 workers.
[PhysX] Initialized MultithreadedTaskDispatcher with 16 workers.
 -> (artifact id: '3cbd6ed1a472d1b5f9ebdd834bec67dc') in 0.022939 seconds
Number of updated asset objects reloaded before import = 0
Number of asset objects unloaded after import = 2
========================================================================
Received Import Request.
  Time since last request: 0.000061 seconds.
  path: Assets/Low Poly Survival Kit/Materials/Type 1 Flower.mat
  artifactKey: Guid(8a89b2bc4cf7b1b4fa5cbc54737bf509) Importer(815301076,1909f56bfc062723c751e8b465ee728b)
Start importing Assets/Low Poly Survival Kit/Materials/Type 1 Flower.mat using Guid(8a89b2bc4cf7b1b4fa5cbc54737bf509) Importer(815301076,1909f56bfc062723c751e8b465ee728b) [PhysX] Initialized MultithreadedTaskDispatcher with 16 workers.
[PhysX] Initialized MultithreadedTaskDispatcher with 16 workers.
 -> (artifact id: '890eeba72bbbb780dfcb801a5e101bb0') in 0.024949 seconds
Number of updated asset objects reloaded before import = 0
Number of asset objects unloaded after import = 2
Editor requested this worker to shutdown with reason: Scaling down because of idle timeout
TcpMessagingSession - receive error: operation aborted. errorcode: 995, details: The I/O operation has been aborted because of either a thread exit or an application request.
AssetImportWorker is now disconnected from the server
Process exiting
Exiting without the bug reporter. Application will terminate with return code 0